2025-08-27 21:52:07 | INFO | __main__:50 | Logger loaded.
2025-08-27 21:52:07 | INFO | __main__:169 | STARTING main()..
2025-08-27 21:52:07 | INFO | __main__:170 | Byline:

**********************************************************
Stellar Analytics — Project Header
**********************************************************
Author:                     Denise Case
Motto:                      Clear. Useful. On time.
Years Active:               5
Accepting New Clients?:     True
Remote Workshops?:          True
Services:                   ['Data Analysis', 'Machine Learning', 'Business Intelligence']
Client Satisfaction Scores: [4.8, 4.6, 4.9, 5.0, 4.7]
Minimum Satisfaction Score: 4.6
Maximum Satisfaction Score: 5.0
Mean Satisfaction Score:    4.80
     Standard Deviation:    0.16
**********************************************************

2025-08-27 21:52:07 | INFO | __main__:181 | This module is organized like all Python modules.
2025-08-27 21:52:07 | INFO | __main__:182 | We write professional Python from the start.
2025-08-27 21:52:07 | INFO | __main__:183 | END main()...
2025-08-27 21:55:22 | INFO | __main__:47 | Logger loaded.
2025-08-27 21:55:22 | INFO | __main__:166 | STARTING main()..
2025-08-27 21:55:22 | INFO | __main__:167 | Byline:

**********************************************************
Stellar Analytics — Project Header
**********************************************************
Author:                     Denise Case
Motto:                      Clear. Useful. On time.
Years Active:               5
Accepting New Clients?:     True
Remote Workshops?:          True
Services:                   ['Data Analysis', 'Machine Learning', 'Business Intelligence']
Client Satisfaction Scores: [4.8, 4.6, 4.9, 5.0, 4.7]
Minimum Satisfaction Score: 4.6
Maximum Satisfaction Score: 5.0
Mean Satisfaction Score:    4.80
     Standard Deviation:    0.16
**********************************************************

2025-08-27 21:55:22 | INFO | __main__:178 | This module is organized like all Python modules.
2025-08-27 21:55:22 | INFO | __main__:179 | We write professional Python from the start.
2025-08-27 21:55:22 | INFO | __main__:180 | END main()...
2025-08-27 22:01:19 | INFO | __main__:47 | Logger loaded.
2025-08-27 22:01:19 | INFO | __main__:159 | STARTING main()..
2025-08-27 22:01:19 | INFO | __main__:160 | Byline:

**********************************************************
Moore CAD Design — Project Header
**********************************************************
Author:                     Michael J Moore
Motto:                      Do Math not MAgic. Show Your Work!
Years Active:               5
Accepting New Clients?:     True
Remote Workshops?:          True
Services:                   ['Data Analysis', 'Machine Learning', 'Business Intelligence']
Client Satisfaction Scores: [4.8, 4.6, 4.9, 5.0, 4.7]
Minimum Satisfaction Score: 4.6
Maximum Satisfaction Score: 5.0
Mean Satisfaction Score:    4.80
     Standard Deviation:    0.16
**********************************************************

2025-08-27 22:01:19 | INFO | __main__:171 | This module is organized like all Python modules.
2025-08-27 22:01:19 | INFO | __main__:172 | We write professional Python from the start.
2025-08-27 22:01:19 | INFO | __main__:173 | END main()...
